[0.091s] DEBUG:colcon:Command line arguments: ['/usr/bin/colcon', 'list', '-p', '--base-paths', '/home/jjb/Myprojects/robot-serving-system-main']
[0.091s] DEBUG:colcon:Parsed command line arguments: Namespace(log_base=None, log_level=None, verb_name='list', build_base='build', ignore_user_meta=False, metas=['./colcon.meta'], base_paths=['/home/jjb/Myprojects/robot-serving-system-main'], packages_ignore=None, packages_ignore_regex=None, paths=None, packages_up_to=None, packages_up_to_regex=None, packages_above=None, packages_above_and_dependencies=None, packages_above_depth=None, packages_select_by_dep=None, packages_skip_by_dep=None, packages_skip_up_to=None, packages_select_build_failed=False, packages_skip_build_finished=False, packages_select_test_failures=False, packages_skip_test_passed=False, packages_select=None, packages_skip=None, packages_select_regex=None, packages_skip_regex=None, packages_start=None, packages_end=None, allow_overriding=[], topological_order=False, names_only=False, paths_only=True, topological_graph=False, topological_graph_dot=False, topological_graph_density=False, topological_graph_legend=False, topological_graph_dot_cluster=False, topological_graph_dot_include_skipped=False, verb_parser=<colcon_defaults.argument_parser.defaults.DefaultArgumentsDecorator object at 0x79bd5dee2ec0>, verb_extension=<colcon_package_information.verb.list.ListVerb object at 0x79bd5df7f8b0>, main=<bound method ListVerb.main of <colcon_package_information.verb.list.ListVerb object at 0x79bd5df7f8b0>>)
[0.120s] Level 1:colcon.colcon_core.package_discovery:discover_packages(colcon_meta) check parameters
[0.120s] Level 1:colcon.colcon_core.package_discovery:discover_packages(recursive) check parameters
[0.120s] Level 1:colcon.colcon_core.package_discovery:discover_packages(ignore) check parameters
[0.120s] Level 1:colcon.colcon_core.package_discovery:discover_packages(path) check parameters
[0.120s] Level 1:colcon.colcon_core.package_discovery:discover_packages(recursive) discover
[0.120s] INFO:colcon.colcon_core.package_discovery:Crawling recursively for packages in '/home/jjb/Myprojects/robot-serving-system-main'
[0.120s] Level 1:colcon.colcon_core.package_identification:_identify(/home/jjb/Myprojects/robot-serving-system-main) by extensions ['ignore', 'ignore_ament_install']
[0.120s] Level 1:colcon.colcon_core.package_identification:_identify(/home/jjb/Myprojects/robot-serving-system-main) by extension 'ignore'
[0.120s] Level 1:colcon.colcon_core.package_identification:_identify(/home/jjb/Myprojects/robot-serving-system-main) by extension 'ignore_ament_install'
[0.120s] Level 1:colcon.colcon_core.package_identification:_identify(/home/jjb/Myprojects/robot-serving-system-main) by extensions ['colcon_pkg']
[0.120s] Level 1:colcon.colcon_core.package_identification:_identify(/home/jjb/Myprojects/robot-serving-system-main) by extension 'colcon_pkg'
[0.120s] Level 1:colcon.colcon_core.package_identification:_identify(/home/jjb/Myprojects/robot-serving-system-main) by extensions ['colcon_meta']
[0.120s] Level 1:colcon.colcon_core.package_identification:_identify(/home/jjb/Myprojects/robot-serving-system-main) by extension 'colcon_meta'
[0.120s] Level 1:colcon.colcon_core.package_identification:_identify(/home/jjb/Myprojects/robot-serving-system-main) by extensions ['ros']
[0.120s] Level 1:colcon.colcon_core.package_identification:_identify(/home/jjb/Myprojects/robot-serving-system-main) by extension 'ros'
[0.129s] Level 1:colcon.colcon_core.package_identification:_identify(/home/jjb/Myprojects/robot-serving-system-main) by extensions ['cmake', 'python']
[0.129s] Level 1:colcon.colcon_core.package_identification:_identify(/home/jjb/Myprojects/robot-serving-system-main) by extension 'cmake'
[0.129s] Level 1:colcon.colcon_core.package_identification:_identify(/home/jjb/Myprojects/robot-serving-system-main) by extension 'python'
[0.129s] Level 1:colcon.colcon_core.package_identification:_identify(/home/jjb/Myprojects/robot-serving-system-main) by extensions ['python_setup_py']
[0.129s] Level 1:colcon.colcon_core.package_identification:_identify(/home/jjb/Myprojects/robot-serving-system-main) by extension 'python_setup_py'
[0.129s] Level 1:colcon.colcon_core.package_identification:_identify(/home/jjb/Myprojects/robot-serving-system-main/log) by extensions ['ignore', 'ignore_ament_install']
[0.130s] Level 1:colcon.colcon_core.package_identification:_identify(/home/jjb/Myprojects/robot-serving-system-main/log) by extension 'ignore'
[0.130s] Level 1:colcon.colcon_core.package_identification:_identify(/home/jjb/Myprojects/robot-serving-system-main/log) ignored
[0.130s] Level 1:colcon.colcon_core.package_identification:_identify(/home/jjb/Myprojects/robot-serving-system-main/src) by extensions ['ignore', 'ignore_ament_install']
[0.130s] Level 1:colcon.colcon_core.package_identification:_identify(/home/jjb/Myprojects/robot-serving-system-main/src) by extension 'ignore'
[0.130s] Level 1:colcon.colcon_core.package_identification:_identify(/home/jjb/Myprojects/robot-serving-system-main/src) by extension 'ignore_ament_install'
[0.130s] Level 1:colcon.colcon_core.package_identification:_identify(/home/jjb/Myprojects/robot-serving-system-main/src) by extensions ['colcon_pkg']
[0.130s] Level 1:colcon.colcon_core.package_identification:_identify(/home/jjb/Myprojects/robot-serving-system-main/src) by extension 'colcon_pkg'
[0.130s] Level 1:colcon.colcon_core.package_identification:_identify(/home/jjb/Myprojects/robot-serving-system-main/src) by extensions ['colcon_meta']
[0.130s] Level 1:colcon.colcon_core.package_identification:_identify(/home/jjb/Myprojects/robot-serving-system-main/src) by extension 'colcon_meta'
[0.130s] Level 1:colcon.colcon_core.package_identification:_identify(/home/jjb/Myprojects/robot-serving-system-main/src) by extensions ['ros']
[0.130s] Level 1:colcon.colcon_core.package_identification:_identify(/home/jjb/Myprojects/robot-serving-system-main/src) by extension 'ros'
[0.130s] Level 1:colcon.colcon_core.package_identification:_identify(/home/jjb/Myprojects/robot-serving-system-main/src) by extensions ['cmake', 'python']
[0.130s] Level 1:colcon.colcon_core.package_identification:_identify(/home/jjb/Myprojects/robot-serving-system-main/src) by extension 'cmake'
[0.130s] Level 1:colcon.colcon_core.package_identification:_identify(/home/jjb/Myprojects/robot-serving-system-main/src) by extension 'python'
[0.130s] Level 1:colcon.colcon_core.package_identification:_identify(/home/jjb/Myprojects/robot-serving-system-main/src) by extensions ['python_setup_py']
[0.130s] Level 1:colcon.colcon_core.package_identification:_identify(/home/jjb/Myprojects/robot-serving-system-main/src) by extension 'python_setup_py'
[0.130s] Level 1:colcon.colcon_core.package_identification:_identify(/home/jjb/Myprojects/robot-serving-system-main/src/order_management_interfaces) by extensions ['ignore', 'ignore_ament_install']
[0.130s] Level 1:colcon.colcon_core.package_identification:_identify(/home/jjb/Myprojects/robot-serving-system-main/src/order_management_interfaces) by extension 'ignore'
[0.130s] Level 1:colcon.colcon_core.package_identification:_identify(/home/jjb/Myprojects/robot-serving-system-main/src/order_management_interfaces) by extension 'ignore_ament_install'
[0.130s] Level 1:colcon.colcon_core.package_identification:_identify(/home/jjb/Myprojects/robot-serving-system-main/src/order_management_interfaces) by extensions ['colcon_pkg']
[0.130s] Level 1:colcon.colcon_core.package_identification:_identify(/home/jjb/Myprojects/robot-serving-system-main/src/order_management_interfaces) by extension 'colcon_pkg'
[0.130s] Level 1:colcon.colcon_core.package_identification:_identify(/home/jjb/Myprojects/robot-serving-system-main/src/order_management_interfaces) by extensions ['colcon_meta']
[0.130s] Level 1:colcon.colcon_core.package_identification:_identify(/home/jjb/Myprojects/robot-serving-system-main/src/order_management_interfaces) by extension 'colcon_meta'
[0.130s] Level 1:colcon.colcon_core.package_identification:_identify(/home/jjb/Myprojects/robot-serving-system-main/src/order_management_interfaces) by extensions ['ros']
[0.130s] Level 1:colcon.colcon_core.package_identification:_identify(/home/jjb/Myprojects/robot-serving-system-main/src/order_management_interfaces) by extension 'ros'
[0.132s] DEBUG:colcon.colcon_core.package_identification:Package '/home/jjb/Myprojects/robot-serving-system-main/src/order_management_interfaces' with type 'ros.ament_cmake' and name 'order_management_interfaces'
[0.132s] Level 1:colcon.colcon_core.package_identification:_identify(/home/jjb/Myprojects/robot-serving-system-main/src/robot_food_service) by extensions ['ignore', 'ignore_ament_install']
[0.132s] Level 1:colcon.colcon_core.package_identification:_identify(/home/jjb/Myprojects/robot-serving-system-main/src/robot_food_service) by extension 'ignore'
[0.132s] Level 1:colcon.colcon_core.package_identification:_identify(/home/jjb/Myprojects/robot-serving-system-main/src/robot_food_service) by extension 'ignore_ament_install'
[0.132s] Level 1:colcon.colcon_core.package_identification:_identify(/home/jjb/Myprojects/robot-serving-system-main/src/robot_food_service) by extensions ['colcon_pkg']
[0.132s] Level 1:colcon.colcon_core.package_identification:_identify(/home/jjb/Myprojects/robot-serving-system-main/src/robot_food_service) by extension 'colcon_pkg'
[0.132s] Level 1:colcon.colcon_core.package_identification:_identify(/home/jjb/Myprojects/robot-serving-system-main/src/robot_food_service) by extensions ['colcon_meta']
[0.132s] Level 1:colcon.colcon_core.package_identification:_identify(/home/jjb/Myprojects/robot-serving-system-main/src/robot_food_service) by extension 'colcon_meta'
[0.132s] Level 1:colcon.colcon_core.package_identification:_identify(/home/jjb/Myprojects/robot-serving-system-main/src/robot_food_service) by extensions ['ros']
[0.132s] Level 1:colcon.colcon_core.package_identification:_identify(/home/jjb/Myprojects/robot-serving-system-main/src/robot_food_service) by extension 'ros'
[0.132s] DEBUG:colcon.colcon_core.package_identification:Package '/home/jjb/Myprojects/robot-serving-system-main/src/robot_food_service' with type 'ros.ament_python' and name 'robot_food_service'
[0.132s] Level 1:colcon.colcon_core.package_discovery:discover_packages(recursive) using defaults
